C:\Users\tanvu\.jdks\corretto-21.0.6\bin\java.exe -ea -Didea.test.cyclic.buffer.size=1048576 "-javaagent:E:\IDE\IntelliJ IDEA 2024.3.5\lib\idea_rt.jar=55265" -javaagent:C:\Users\tanvu\AppData\Local\JetBrains\IntelliJIdea2024.3\captureAgent\debugger-agent.jar -Dkotlinx.coroutines.debug.enable.creation.stack.trace=false -Ddebugger.agent.enable.coroutines=true -Dkotlinx.coroutines.debug.enable.flows.stack.trace=true -Dkotlinx.coroutines.debug.enable.mutable.state.flows.stack.trace=true -Dfile.encoding=UTF-8 -Dsun.stdout.encoding=UTF-8 -Dsun.stderr.encoding=UTF-8 -classpath "E:\IDE\IntelliJ IDEA 2024.3.5\lib\idea_rt.jar;E:\IDE\IntelliJ IDEA 2024.3.5\plugins\testng\lib\testng-rt.jar;D:\ttltw\be\TestCellPhones\target\test-classes;D:\ttltw\be\TestCellPhones\target\classes;C:\Users\tanvu\.m2\repository\org\seleniumhq\selenium\selenium-java\4.22.0\selenium-java-4.22.0.jar;C:\Users\tanvu\.m2\repository\org\seleniumhq\selenium\selenium-api\4.22.0\selenium-api-4.22.0.jar;C:\Users\tanvu\.m2\repository\org\seleniumhq\selenium\selenium-chrome-driver\4.22.0\selenium-chrome-driver-4.22.0.jar;C:\Users\tanvu\.m2\repository\com\google\auto\service\auto-service-annotations\1.1.1\auto-service-annotations-1.1.1.jar;C:\Users\tanvu\.m2\repository\org\seleniumhq\selenium\selenium-chromium-driver\4.22.0\selenium-chromium-driver-4.22.0.jar;C:\Users\tanvu\.m2\repository\org\seleniumhq\selenium\selenium-json\4.22.0\selenium-json-4.22.0.jar;C:\Users\tanvu\.m2\repository\org\seleniumhq\selenium\selenium-manager\4.22.0\selenium-manager-4.22.0.jar;C:\Users\tanvu\.m2\repository\org\seleniumhq\selenium\selenium-devtools-v124\4.22.0\selenium-devtools-v124-4.22.0.jar;C:\Users\tanvu\.m2\repository\org\seleniumhq\selenium\selenium-devtools-v125\4.22.0\selenium-devtools-v125-4.22.0.jar;C:\Users\tanvu\.m2\repository\org\seleniumhq\selenium\selenium-devtools-v126\4.22.0\selenium-devtools-v126-4.22.0.jar;C:\Users\tanvu\.m2\repository\org\seleniumhq\selenium\selenium-devtools-v85\4.22.0\selenium-devtools-v85-4.22.0.jar;C:\Users\tanvu\.m2\repository\org\seleniumhq\selenium\selenium-edge-driver\4.22.0\selenium-edge-driver-4.22.0.jar;C:\Users\tanvu\.m2\repository\org\seleniumhq\selenium\selenium-firefox-driver\4.22.0\selenium-firefox-driver-4.22.0.jar;C:\Users\tanvu\.m2\repository\org\seleniumhq\selenium\selenium-http\4.22.0\selenium-http-4.22.0.jar;C:\Users\tanvu\.m2\repository\dev\failsafe\failsafe\3.3.2\failsafe-3.3.2.jar;C:\Users\tanvu\.m2\repository\org\seleniumhq\selenium\selenium-ie-driver\4.22.0\selenium-ie-driver-4.22.0.jar;C:\Users\tanvu\.m2\repository\org\seleniumhq\selenium\selenium-remote-driver\4.22.0\selenium-remote-driver-4.22.0.jar;C:\Users\tanvu\.m2\repository\com\google\guava\guava\33.2.1-jre\guava-33.2.1-jre.jar;C:\Users\tanvu\.m2\repository\com\google\guava\failureaccess\1.0.2\failureaccess-1.0.2.jar;C:\Users\tanvu\.m2\repository\com\google\guava\listenablefuture\9999.0-empty-to-avoid-conflict-with-guava\listenablefuture-9999.0-empty-to-avoid-conflict-with-guava.jar;C:\Users\tanvu\.m2\repository\com\google\code\findbugs\jsr305\3.0.2\jsr305-3.0.2.jar;C:\Users\tanvu\.m2\repository\org\checkerframework\checker-qual\3.42.0\checker-qual-3.42.0.jar;C:\Users\tanvu\.m2\repository\com\google\errorprone\error_prone_annotations\2.26.1\error_prone_annotations-2.26.1.jar;C:\Users\tanvu\.m2\repository\com\google\j2objc\j2objc-annotations\3.0.0\j2objc-annotations-3.0.0.jar;C:\Users\tanvu\.m2\repository\io\opentelemetry\semconv\opentelemetry-semconv\1.25.0-alpha\opentelemetry-semconv-1.25.0-alpha.jar;C:\Users\tanvu\.m2\repository\io\opentelemetry\opentelemetry-api\1.39.0\opentelemetry-api-1.39.0.jar;C:\Users\tanvu\.m2\repository\io\opentelemetry\opentelemetry-context\1.39.0\opentelemetry-context-1.39.0.jar;C:\Users\tanvu\.m2\repository\io\opentelemetry\opentelemetry-exporter-logging\1.39.0\opentelemetry-exporter-logging-1.39.0.jar;C:\Users\tanvu\.m2\repository\io\opentelemetry\opentelemetry-sdk-common\1.39.0\opentelemetry-sdk-common-1.39.0.jar;C:\Users\tanvu\.m2\repository\io\opentelemetry\opentelemetry-sdk-extension-autoconfigure-spi\1.39.0\opentelemetry-sdk-extension-autoconfigure-spi-1.39.0.jar;C:\Users\tanvu\.m2\repository\io\opentelemetry\opentelemetry-sdk-extension-autoconfigure\1.39.0\opentelemetry-sdk-extension-autoconfigure-1.39.0.jar;C:\Users\tanvu\.m2\repository\io\opentelemetry\opentelemetry-api-incubator\1.39.0-alpha\opentelemetry-api-incubator-1.39.0-alpha.jar;C:\Users\tanvu\.m2\repository\io\opentelemetry\opentelemetry-sdk-trace\1.39.0\opentelemetry-sdk-trace-1.39.0.jar;C:\Users\tanvu\.m2\repository\io\opentelemetry\opentelemetry-sdk\1.39.0\opentelemetry-sdk-1.39.0.jar;C:\Users\tanvu\.m2\repository\io\opentelemetry\opentelemetry-sdk-metrics\1.39.0\opentelemetry-sdk-metrics-1.39.0.jar;C:\Users\tanvu\.m2\repository\io\opentelemetry\opentelemetry-sdk-logs\1.39.0\opentelemetry-sdk-logs-1.39.0.jar;C:\Users\tanvu\.m2\repository\net\bytebuddy\byte-buddy\1.14.17\byte-buddy-1.14.17.jar;C:\Users\tanvu\.m2\repository\org\seleniumhq\selenium\selenium-os\4.22.0\selenium-os-4.22.0.jar;C:\Users\tanvu\.m2\repository\org\apache\commons\commons-exec\1.4.0\commons-exec-1.4.0.jar;C:\Users\tanvu\.m2\repository\org\seleniumhq\selenium\selenium-safari-driver\4.22.0\selenium-safari-driver-4.22.0.jar;C:\Users\tanvu\.m2\repository\org\seleniumhq\selenium\selenium-support\4.22.0\selenium-support-4.22.0.jar;C:\Users\tanvu\.m2\repository\io\github\bonigarcia\webdrivermanager\5.7.0\webdrivermanager-5.7.0.jar;C:\Users\tanvu\.m2\repository\org\slf4j\slf4j-api\2.0.12\slf4j-api-2.0.12.jar;C:\Users\tanvu\.m2\repository\com\google\code\gson\gson\2.10.1\gson-2.10.1.jar;C:\Users\tanvu\.m2\repository\com\github\docker-java\docker-java\3.3.5\docker-java-3.3.5.jar;C:\Users\tanvu\.m2\repository\com\github\docker-java\docker-java-core\3.3.5\docker-java-core-3.3.5.jar;C:\Users\tanvu\.m2\repository\com\github\docker-java\docker-java-api\3.3.5\docker-java-api-3.3.5.jar;C:\Users\tanvu\.m2\repository\com\fasterxml\jackson\core\jackson-annotations\2.10.3\jackson-annotations-2.10.3.jar;C:\Users\tanvu\.m2\repository\com\fasterxml\jackson\core\jackson-databind\2.10.3\jackson-databind-2.10.3.jar;C:\Users\tanvu\.m2\repository\com\fasterxml\jackson\core\jackson-core\2.10.3\jackson-core-2.10.3.jar;C:\Users\tanvu\.m2\repository\org\bouncycastle\bcpkix-jdk18on\1.76\bcpkix-jdk18on-1.76.jar;C:\Users\tanvu\.m2\repository\org\bouncycastle\bcprov-jdk18on\1.76\bcprov-jdk18on-1.76.jar;C:\Users\tanvu\.m2\repository\org\bouncycastle\bcutil-jdk18on\1.76\bcutil-jdk18on-1.76.jar;C:\Users\tanvu\.m2\repository\org\slf4j\jcl-over-slf4j\1.7.30\jcl-over-slf4j-1.7.30.jar;C:\Users\tanvu\.m2\repository\com\github\docker-java\docker-java-transport-httpclient5\3.3.5\docker-java-transport-httpclient5-3.3.5.jar;C:\Users\tanvu\.m2\repository\com\github\docker-java\docker-java-transport\3.3.5\docker-java-transport-3.3.5.jar;C:\Users\tanvu\.m2\repository\net\java\dev\jna\jna\5.13.0\jna-5.13.0.jar;C:\Users\tanvu\.m2\repository\org\brotli\dec\0.1.2\dec-0.1.2.jar;C:\Users\tanvu\.m2\repository\org\apache\commons\commons-lang3\3.14.0\commons-lang3-3.14.0.jar;C:\Users\tanvu\.m2\repository\org\apache\commons\commons-compress\1.26.0\commons-compress-1.26.0.jar;C:\Users\tanvu\.m2\repository\commons-io\commons-io\2.15.1\commons-io-2.15.1.jar;C:\Users\tanvu\.m2\repository\org\apache\httpcomponents\client5\httpclient5\5.2.1\httpclient5-5.2.1.jar;C:\Users\tanvu\.m2\repository\org\apache\httpcomponents\core5\httpcore5\5.2\httpcore5-5.2.jar;C:\Users\tanvu\.m2\repository\org\apache\httpcomponents\core5\httpcore5-h2\5.2\httpcore5-h2-5.2.jar;C:\Users\tanvu\.m2\repository\junit\junit\4.13.2\junit-4.13.2.jar;C:\Users\tanvu\.m2\repository\org\hamcrest\hamcrest-core\1.3\hamcrest-core-1.3.jar;C:\Users\tanvu\.m2\repository\org\testng\testng\7.10.2\testng-7.10.2.jar;C:\Users\tanvu\.m2\repository\com\beust\jcommander\1.82\jcommander-1.82.jar;C:\Users\tanvu\.m2\repository\org\webjars\jquery\3.7.1\jquery-3.7.1.jar" com.intellij.rt.testng.RemoteTestNGStarter -usedefaultlisteners false -socket55264 @w@C:\Users\tanvu\AppData\Local\Temp\idea_working_dirs_testng.tmp -temp C:\Users\tanvu\AppData\Local\Temp\idea_testng.tmp
SLF4J(W): No SLF4J providers were found.
SLF4J(W): Defaulting to no-operation (NOP) logger implementation
SLF4J(W): See https://www.slf4j.org/codes.html#noProviders for further details.
thg 12 11, 2025 10:43:44 CH org.openqa.selenium.devtools.CdpVersionFinder findNearestMatch
WARNING: Unable to find CDP implementation matching 142
thg 12 11, 2025 10:43:44 CH org.openqa.selenium.chromium.ChromiumDriver lambda$new$5
WARNING: Unable to find version of CDP to use for 142.0.7444.177. You may need to include a dependency on a specific version of the CDP using something similar to `org.seleniumhq.selenium:selenium-devtools-v86:4.22.0` where the version ("v86") matches the version of the chromium-based browser you're using and the version number of the artifact is the same as Selenium's.
[INFO] === BẮT ĐẦU TEST ===
[INFO] Click: Đóng popup nếu có -> By.xpath: //button[@type='button']
[INFO] Click: Đăng nhập -> By.xpath: //div[contains(@id,'radix')]/div[2]/div/button[2]
[INFO] Nhập '0901489303' vào: Nhập SĐT
[INFO] Nhập 'tan042003' vào: Nhập mật khẩu
[INFO] Click: Submit -> By.xpath: //button[@type='submit']
[INFO] Click: Đóng popup nếu có -> By.xpath: //button[@type='button']
[INFO] Click: Đăng nhập -> By.xpath: //div[contains(@id,'radix')]/div[2]/div/button[2]
[INFO] Nhập '0901489303' vào: Nhập SĐT
[INFO] Nhập 'Tan@123' vào: Nhập mật khẩu sai
[INFO] Click: Đăng nhập -> By.xpath: //button[@type='submit']
[INFO] Click: Đóng popup nếu có -> By.xpath: //button[@type='button']
[INFO] Click: Đăng nhập -> By.xpath: //div[contains(@id,'radix')]/div[2]/div/button[2]
[INFO] Nhập '0901489303' vào: Nhập SĐT
[INFO] Nhập '123123123' vào: Nhập sai mật khẩu
[INFO] Click: Thử đăng nhập lần 1 -> By.xpath: //button[@type='submit']
[INFO] Click: Thử đăng nhập lần 2 -> By.xpath: //button[@type='submit']
[INFO] Click: Thử đăng nhập lần 3 -> By.xpath: //button[@type='submit']
[INFO] Click: Thử đăng nhập lần 4 -> By.xpath: //button[@type='submit']
[ERROR] ❌ Không click được: Thử đăng nhập lần 4 – element click intercepted: Element <button data-slot="button" class="cpsui:flex cpsui:items-center cpsui:justify-center cpsui:gap-2x-small cpsui:cursor-pointer cpsui:disabled:cursor-not-allowed cpsui:border cpsui:border-[1px] cpsui:text-medium cpsui:px-medium cpsui:py-1x-small cpsui:min-h-[48px] cpsui:rounded-base cpsui:border-primary-500 cpsui:bg-primary-500 cpsui:text-pure-white cpsui:hover:border-primary-700 cpsui:hover:bg-primary-700 cpsui:disabled:text-black-300 cpsui:disabled:bg-neutral-200 cpsui:disabled:border-neutral-200 font-medium w-full" type="submit">...</button> is not clickable at point (1180, 364). Other element would receive the click: <div data-state="open" data-slot="alert-dialog-overlay" class="cpsui:data-[state=open]:animate-in cpsui:data-[state=closed]:animate-out cpsui:data-[state=closed]:fade-out-0 cpsui:data-[state=open]:fade-in-0 cpsui:fixed cpsui:inset-0 cpsui:z-50 cpsui:bg-black/50 z-[10000]" data-aria-hidden="true" aria-hidden="true" style="pointer-events: auto;"></div>
  (Session info: chrome=142.0.7444.177)
Build info: version: '4.22.0', revision: 'c5f3146703*'
System info: os.name: 'Windows 11', os.arch: 'amd64', os.version: '10.0', java.version: '21.0.6'
Driver info: org.openqa.selenium.chrome.ChromeDriver
Command: [62c260c810c299e4b6bda85c86dc0857, clickElement {id=f.44AC3C538709A6FF4E394EA32FF3C1FD.d.312E8CF92366E1118505A4C6B19EDDA4.e.7}]
Capabilities {acceptInsecureCerts: false, browserName: chrome, browserVersion: 142.0.7444.177, chrome: {chromedriverVersion: 142.0.7444.175 (302067f14a4..., userDataDir: C:\Users\tanvu\AppData\Loca...}, fedcm:accounts: true, goog:chromeOptions: {debuggerAddress: localhost:55275}, goog:processID: 15764, networkConnectionEnabled: false, pageLoadStrategy: normal, platformName: windows, proxy: Proxy(), se:cdp: ws://localhost:55275/devtoo..., se:cdpVersion: 142.0.7444.177, setWindowRect: true, strictFileInteractability: false, timeouts: {implicit: 0, pageLoad: 300000, script: 30000}, unhandledPromptBehavior: dismiss and notify, webauthn:extension:credBlob: true, webauthn:extension:largeBlob: true, webauthn:extension:minPinLength: true, webauthn:extension:prf: true, webauthn:virtualAuthenticators: true}
Element: [[ChromeDriver: chrome on windows (62c260c810c299e4b6bda85c86dc0857)] -> xpath: //button[@type='submit']]
Session ID: 62c260c810c299e4b6bda85c86dc0857
[INFO] Click: Thử đăng nhập lần 5 -> By.xpath: //button[@type='submit']
[ERROR] ❌ Không click được: Thử đăng nhập lần 5 – element click intercepted: Element <button data-slot="button" class="cpsui:flex cpsui:items-center cpsui:justify-center cpsui:gap-2x-small cpsui:cursor-pointer cpsui:disabled:cursor-not-allowed cpsui:border cpsui:border-[1px] cpsui:text-medium cpsui:px-medium cpsui:py-1x-small cpsui:min-h-[48px] cpsui:rounded-base cpsui:border-primary-500 cpsui:bg-primary-500 cpsui:text-pure-white cpsui:hover:border-primary-700 cpsui:hover:bg-primary-700 cpsui:disabled:text-black-300 cpsui:disabled:bg-neutral-200 cpsui:disabled:border-neutral-200 font-medium w-full" type="submit">...</button> is not clickable at point (1180, 364). Other element would receive the click: <div data-state="open" data-slot="alert-dialog-overlay" class="cpsui:data-[state=open]:animate-in cpsui:data-[state=closed]:animate-out cpsui:data-[state=closed]:fade-out-0 cpsui:data-[state=open]:fade-in-0 cpsui:fixed cpsui:inset-0 cpsui:z-50 cpsui:bg-black/50 z-[10000]" data-aria-hidden="true" aria-hidden="true" style="pointer-events: auto;"></div>
  (Session info: chrome=142.0.7444.177)
Build info: version: '4.22.0', revision: 'c5f3146703*'
System info: os.name: 'Windows 11', os.arch: 'amd64', os.version: '10.0', java.version: '21.0.6'
Driver info: org.openqa.selenium.chrome.ChromeDriver
Command: [62c260c810c299e4b6bda85c86dc0857, clickElement {id=f.44AC3C538709A6FF4E394EA32FF3C1FD.d.312E8CF92366E1118505A4C6B19EDDA4.e.7}]
Capabilities {acceptInsecureCerts: false, browserName: chrome, browserVersion: 142.0.7444.177, chrome: {chromedriverVersion: 142.0.7444.175 (302067f14a4..., userDataDir: C:\Users\tanvu\AppData\Loca...}, fedcm:accounts: true, goog:chromeOptions: {debuggerAddress: localhost:55275}, goog:processID: 15764, networkConnectionEnabled: false, pageLoadStrategy: normal, platformName: windows, proxy: Proxy(), se:cdp: ws://localhost:55275/devtoo..., se:cdpVersion: 142.0.7444.177, setWindowRect: true, strictFileInteractability: false, timeouts: {implicit: 0, pageLoad: 300000, script: 30000}, unhandledPromptBehavior: dismiss and notify, webauthn:extension:credBlob: true, webauthn:extension:largeBlob: true, webauthn:extension:minPinLength: true, webauthn:extension:prf: true, webauthn:virtualAuthenticators: true}
Element: [[ChromeDriver: chrome on windows (62c260c810c299e4b6bda85c86dc0857)] -> xpath: //button[@type='submit']]
Session ID: 62c260c810c299e4b6bda85c86dc0857
[INFO] Click: Đóng popup nếu có -> By.xpath: //button[@type='button']
[INFO] Click: Đăng nhập -> By.xpath: //div[contains(@id,'radix')]/div[2]/div/button[2]
[INFO] Click: Chọn đăng nhập Google -> By.xpath: //*[contains(text(),'Google')]
[ERROR] ❌ Không click được: Chọn đăng nhập Google – Expected condition failed: waiting for element to be clickable: By.xpath: //*[contains(text(),'Google')] (tried for 20 second(s) with 500 milliseconds interval)
Build info: version: '4.22.0', revision: 'c5f3146703*'
System info: os.name: 'Windows 11', os.arch: 'amd64', os.version: '10.0', java.version: '21.0.6'
Driver info: org.openqa.selenium.chrome.ChromeDriver
Capabilities {acceptInsecureCerts: false, browserName: chrome, browserVersion: 142.0.7444.177, chrome: {chromedriverVersion: 142.0.7444.175 (302067f14a4..., userDataDir: C:\Users\tanvu\AppData\Loca...}, fedcm:accounts: true, goog:chromeOptions: {debuggerAddress: localhost:55275}, goog:processID: 15764, networkConnectionEnabled: false, pageLoadStrategy: normal, platformName: windows, proxy: Proxy(), se:cdp: ws://localhost:55275/devtoo..., se:cdpVersion: 142.0.7444.177, setWindowRect: true, strictFileInteractability: false, timeouts: {implicit: 0, pageLoad: 300000, script: 30000}, unhandledPromptBehavior: dismiss and notify, webauthn:extension:credBlob: true, webauthn:extension:largeBlob: true, webauthn:extension:minPinLength: true, webauthn:extension:prf: true, webauthn:virtualAuthenticators: true}
Session ID: 62c260c810c299e4b6bda85c86dc0857
[INFO] ⚠️ Google Login cần thao tác thủ công – Selenium không tự đăng nhập Google.
[INFO] Click: Đóng popup nếu có -> By.xpath: //button[@type='button']
[INFO] Click: Đăng nhập -> By.xpath: //div[contains(@id,'radix')]/div[2]/div/button[2]
[INFO] Click: Quên mật khẩu -> By.linkText: Quên mật khẩu?
[INFO] Nhập '0123456789' vào: Nhập SĐT sai
[INFO] Click: Gửi -> By.xpath: //button[@type='submit']
[INFO] Click: Đóng popup nếu có -> By.xpath: //button[@type='button']
[INFO] Click: Đăng nhập -> By.xpath: //div[contains(@id,'radix')]/div[2]/div/button[2]
[INFO] Click: Quên mật khẩu -> By.linkText: Quên mật khẩu?
[INFO] Nhập '0906123123' vào: Nhập SĐT hợp lệ
[INFO] Click: Gửi OTP -> By.xpath: //button[@type='submit']
[INFO] Click: Đóng popup nếu có -> By.xpath: //button[@type='button']
[INFO] Click: Mở Smember -> By.linkText: Truy cập Smember
[ERROR] ❌ Không click được: Mở Smember – Expected condition failed: waiting for element to be clickable: By.linkText: Truy cập Smember (tried for 20 second(s) with 500 milliseconds interval)
Build info: version: '4.22.0', revision: 'c5f3146703*'
System info: os.name: 'Windows 11', os.arch: 'amd64', os.version: '10.0', java.version: '21.0.6'
Driver info: org.openqa.selenium.chrome.ChromeDriver
Capabilities {acceptInsecureCerts: false, browserName: chrome, browserVersion: 142.0.7444.177, chrome: {chromedriverVersion: 142.0.7444.175 (302067f14a4..., userDataDir: C:\Users\tanvu\AppData\Loca...}, fedcm:accounts: true, goog:chromeOptions: {debuggerAddress: localhost:55275}, goog:processID: 15764, networkConnectionEnabled: false, pageLoadStrategy: normal, platformName: windows, proxy: Proxy(), se:cdp: ws://localhost:55275/devtoo..., se:cdpVersion: 142.0.7444.177, setWindowRect: true, strictFileInteractability: false, timeouts: {implicit: 0, pageLoad: 300000, script: 30000}, unhandledPromptBehavior: dismiss and notify, webauthn:extension:credBlob: true, webauthn:extension:largeBlob: true, webauthn:extension:minPinLength: true, webauthn:extension:prf: true, webauthn:virtualAuthenticators: true}
Session ID: 62c260c810c299e4b6bda85c86dc0857
[INFO] Click: Click popup -> By.xpath: (//*[contains(text(),'Điều khoản sử dụng')])[1]/following::div[4]
[ERROR] ❌ Không click được: Click popup – Expected condition failed: waiting for element to be clickable: By.xpath: (//*[contains(text(),'Điều khoản sử dụng')])[1]/following::div[4] (tried for 20 second(s) with 500 milliseconds interval)
Build info: version: '4.22.0', revision: 'c5f3146703*'
System info: os.name: 'Windows 11', os.arch: 'amd64', os.version: '10.0', java.version: '21.0.6'
Driver info: org.openqa.selenium.chrome.ChromeDriver
Capabilities {acceptInsecureCerts: false, browserName: chrome, browserVersion: 142.0.7444.177, chrome: {chromedriverVersion: 142.0.7444.175 (302067f14a4..., userDataDir: C:\Users\tanvu\AppData\Loca...}, fedcm:accounts: true, goog:chromeOptions: {debuggerAddress: localhost:55275}, goog:processID: 15764, networkConnectionEnabled: false, pageLoadStrategy: normal, platformName: windows, proxy: Proxy(), se:cdp: ws://localhost:55275/devtoo..., se:cdpVersion: 142.0.7444.177, setWindowRect: true, strictFileInteractability: false, timeouts: {implicit: 0, pageLoad: 300000, script: 30000}, unhandledPromptBehavior: dismiss and notify, webauthn:extension:credBlob: true, webauthn:extension:largeBlob: true, webauthn:extension:minPinLength: true, webauthn:extension:prf: true, webauthn:virtualAuthenticators: true}
Session ID: 62c260c810c299e4b6bda85c86dc0857
[INFO] Click: Chọn tiếp tục -> By.xpath: //div[contains(@id,'radix')]/div[2]/button[2]
[ERROR] ❌ Không click được: Chọn tiếp tục – Expected condition failed: waiting for element to be clickable: By.xpath: //div[contains(@id,'radix')]/div[2]/button[2] (tried for 20 second(s) with 500 milliseconds interval)
Build info: version: '4.22.0', revision: 'c5f3146703*'
System info: os.name: 'Windows 11', os.arch: 'amd64', os.version: '10.0', java.version: '21.0.6'
Driver info: org.openqa.selenium.chrome.ChromeDriver
Capabilities {acceptInsecureCerts: false, browserName: chrome, browserVersion: 142.0.7444.177, chrome: {chromedriverVersion: 142.0.7444.175 (302067f14a4..., userDataDir: C:\Users\tanvu\AppData\Loca...}, fedcm:accounts: true, goog:chromeOptions: {debuggerAddress: localhost:55275}, goog:processID: 15764, networkConnectionEnabled: false, pageLoadStrategy: normal, platformName: windows, proxy: Proxy(), se:cdp: ws://localhost:55275/devtoo..., se:cdpVersion: 142.0.7444.177, setWindowRect: true, strictFileInteractability: false, timeouts: {implicit: 0, pageLoad: 300000, script: 30000}, unhandledPromptBehavior: dismiss and notify, webauthn:extension:credBlob: true, webauthn:extension:largeBlob: true, webauthn:extension:minPinLength: true, webauthn:extension:prf: true, webauthn:virtualAuthenticators: true}
Session ID: 62c260c810c299e4b6bda85c86dc0857
[INFO] Click: Đóng popup nếu có -> By.xpath: //button[@type='button']
[INFO] Click: Mở Smember -> By.linkText: Truy cập Smember
[ERROR] ❌ Không click được: Mở Smember – Expected condition failed: waiting for element to be clickable: By.linkText: Truy cập Smember (tried for 20 second(s) with 500 milliseconds interval)
Build info: version: '4.22.0', revision: 'c5f3146703*'
System info: os.name: 'Windows 11', os.arch: 'amd64', os.version: '10.0', java.version: '21.0.6'
Driver info: org.openqa.selenium.chrome.ChromeDriver
Capabilities {acceptInsecureCerts: false, browserName: chrome, browserVersion: 142.0.7444.177, chrome: {chromedriverVersion: 142.0.7444.175 (302067f14a4..., userDataDir: C:\Users\tanvu\AppData\Loca...}, fedcm:accounts: true, goog:chromeOptions: {debuggerAddress: localhost:55275}, goog:processID: 15764, networkConnectionEnabled: false, pageLoadStrategy: normal, platformName: windows, proxy: Proxy(), se:cdp: ws://localhost:55275/devtoo..., se:cdpVersion: 142.0.7444.177, setWindowRect: true, strictFileInteractability: false, timeouts: {implicit: 0, pageLoad: 300000, script: 30000}, unhandledPromptBehavior: dismiss and notify, webauthn:extension:credBlob: true, webauthn:extension:largeBlob: true, webauthn:extension:minPinLength: true, webauthn:extension:prf: true, webauthn:virtualAuthenticators: true}
Session ID: 62c260c810c299e4b6bda85c86dc0857
[INFO] Click: Đi tới User info -> By.xpath: (//*[text()='Mới'])[1]/following::span[1]
[ERROR] ❌ Không click được: Đi tới User info – Expected condition failed: waiting for element to be clickable: By.xpath: (//*[text()='Mới'])[1]/following::span[1] (tried for 20 second(s) with 500 milliseconds interval)
Build info: version: '4.22.0', revision: 'c5f3146703*'
System info: os.name: 'Windows 11', os.arch: 'amd64', os.version: '10.0', java.version: '21.0.6'
Driver info: org.openqa.selenium.chrome.ChromeDriver
Capabilities {acceptInsecureCerts: false, browserName: chrome, browserVersion: 142.0.7444.177, chrome: {chromedriverVersion: 142.0.7444.175 (302067f14a4..., userDataDir: C:\Users\tanvu\AppData\Loca...}, fedcm:accounts: true, goog:chromeOptions: {debuggerAddress: localhost:55275}, goog:processID: 15764, networkConnectionEnabled: false, pageLoadStrategy: normal, platformName: windows, proxy: Proxy(), se:cdp: ws://localhost:55275/devtoo..., se:cdpVersion: 142.0.7444.177, setWindowRect: true, strictFileInteractability: false, timeouts: {implicit: 0, pageLoad: 300000, script: 30000}, unhandledPromptBehavior: dismiss and notify, webauthn:extension:credBlob: true, webauthn:extension:largeBlob: true, webauthn:extension:minPinLength: true, webauthn:extension:prf: true, webauthn:virtualAuthenticators: true}
Session ID: 62c260c810c299e4b6bda85c86dc0857
[INFO] Click: Mở chỉnh sửa -> By.xpath: (//*[text()='Thông tin cá nhân'])[1]/following::*[name()='svg'][1]
[ERROR] ❌ Không click được: Mở chỉnh sửa – Expected condition failed: waiting for element to be clickable: By.xpath: (//*[text()='Thông tin cá nhân'])[1]/following::*[name()='svg'][1] (tried for 20 second(s) with 500 milliseconds interval)
Build info: version: '4.22.0', revision: 'c5f3146703*'
System info: os.name: 'Windows 11', os.arch: 'amd64', os.version: '10.0', java.version: '21.0.6'
Driver info: org.openqa.selenium.chrome.ChromeDriver
Capabilities {acceptInsecureCerts: false, browserName: chrome, browserVersion: 142.0.7444.177, chrome: {chromedriverVersion: 142.0.7444.175 (302067f14a4..., userDataDir: C:\Users\tanvu\AppData\Loca...}, fedcm:accounts: true, goog:chromeOptions: {debuggerAddress: localhost:55275}, goog:processID: 15764, networkConnectionEnabled: false, pageLoadStrategy: normal, platformName: windows, proxy: Proxy(), se:cdp: ws://localhost:55275/devtoo..., se:cdpVersion: 142.0.7444.177, setWindowRect: true, strictFileInteractability: false, timeouts: {implicit: 0, pageLoad: 300000, script: 30000}, unhandledPromptBehavior: dismiss and notify, webauthn:extension:credBlob: true, webauthn:extension:largeBlob: true, webauthn:extension:minPinLength: true, webauthn:extension:prf: true, webauthn:virtualAuthenticators: true}
Session ID: 62c260c810c299e4b6bda85c86dc0857
[INFO] Click: Click input -> By.xpath: //div[contains(@id,'radix')]//input
[ERROR] ❌ Không click được: Click input – Expected condition failed: waiting for element to be clickable: By.xpath: //div[contains(@id,'radix')]//input (tried for 20 second(s) with 500 milliseconds interval)
Build info: version: '4.22.0', revision: 'c5f3146703*'
System info: os.name: 'Windows 11', os.arch: 'amd64', os.version: '10.0', java.version: '21.0.6'
Driver info: org.openqa.selenium.chrome.ChromeDriver
Capabilities {acceptInsecureCerts: false, browserName: chrome, browserVersion: 142.0.7444.177, chrome: {chromedriverVersion: 142.0.7444.175 (302067f14a4..., userDataDir: C:\Users\tanvu\AppData\Loca...}, fedcm:accounts: true, goog:chromeOptions: {debuggerAddress: localhost:55275}, goog:processID: 15764, networkConnectionEnabled: false, pageLoadStrategy: normal, platformName: windows, proxy: Proxy(), se:cdp: ws://localhost:55275/devtoo..., se:cdpVersion: 142.0.7444.177, setWindowRect: true, strictFileInteractability: false, timeouts: {implicit: 0, pageLoad: 300000, script: 30000}, unhandledPromptBehavior: dismiss and notify, webauthn:extension:credBlob: true, webauthn:extension:largeBlob: true, webauthn:extension:minPinLength: true, webauthn:extension:prf: true, webauthn:virtualAuthenticators: true}
Session ID: 62c260c810c299e4b6bda85c86dc0857
[INFO] Click: Lưu -> By.xpath: //button[@type='submit']
[INFO] === KẾT THÚC TEST ===

===============================================
Default Suite
Total tests run: 8, Passes: 8, Failures: 0, Skips: 0
===============================================


Process finished with exit code 0
